<?xml version="1.0" encoding="UTF-8"?>
<testng-results ignored="0" total="1" passed="1" failed="0" skipped="0">
  <reporter-output>
    <line>
      <![CDATA[Launching browser]]>
    </line>
  </reporter-output>
  <suite started-at="2023-01-12T14:18:40 IST" name="Default suite" finished-at="2023-01-12T14:18:58 IST" duration-ms="18092">
    <groups>
    </groups>
    <test started-at="2023-01-12T14:18:40 IST" name="Default test" finished-at="2023-01-12T14:18:58 IST" duration-ms="18092">
      <class name="drimmble_Test_Property.drimmbleTestClass">
        <test-method is-config="true" signature="LaunchBrowser()[pri:0, instance:drimmble_Test_Property.drimmbleTestClass@6caf0677]" started-at="2023-01-12T14:18:40 IST" name="LaunchBrowser" finished-at="2023-01-12T14:18:48 IST" duration-ms="8025" status="PASS">
          <reporter-output>
            <line>
              <![CDATA[Launching browser]]>
            </line>
          </reporter-output>
        </test-method> <!-- LaunchBrowser -->
        <test-method is-config="true" signature="LoginDrimmble()[pri:0, instance:drimmble_Test_Property.drimmbleTestClass@6caf0677]" started-at="2023-01-12T14:18:48 IST" name="LoginDrimmble" finished-at="2023-01-12T14:18:53 IST" duration-ms="5417" status="PASS">
          <reporter-output>
          </reporter-output>
        </test-method> <!-- LoginDrimmble -->
        <test-method signature="validateUserName()[pri:0, instance:drimmble_Test_Property.drimmbleTestClass@6caf0677]" started-at="2023-01-12T14:18:53 IST" name="validateUserName" finished-at="2023-01-12T14:18:55 IST" duration-ms="1256" status="PASS">
          <reporter-output>
          </reporter-output>
        </test-method> <!-- validateUserName -->
        <test-method is-config="true" signature="SignOutButton()[pri:0, instance:drimmble_Test_Property.drimmbleTestClass@6caf0677]" started-at="2023-01-12T14:18:55 IST" name="SignOutButton" finished-at="2023-01-12T14:18:57 IST" duration-ms="2333" status="PASS">
          <reporter-output>
          </reporter-output>
        </test-method> <!-- SignOutButton -->
        <test-method is-config="true" signature="closeBrowser()[pri:0, instance:drimmble_Test_Property.drimmbleTestClass@6caf0677]" started-at="2023-01-12T14:18:57 IST" name="closeBrowser" finished-at="2023-01-12T14:18:58 IST" duration-ms="946" status="PASS">
          <reporter-output>
          </reporter-output>
        </test-method> <!-- closeBrowser -->
      </class> <!-- drimmble_Test_Property.drimmbleTestClass -->
    </test> <!-- Default test -->
  </suite> <!-- Default suite -->
</testng-results>
